<?xml version="1.0" encoding="UTF-8" ?>
<testsuite tests="1" failures="0" name="application.extensionExtensionTest" time="0.004" errors="1" skipped="0">
  <properties>
[...]
</properties>
  <testcase classname="application.extensionExtensionTest" name="initializationError" time="0.004">
    <error message="Could not load TestContextBootstrapper [null]. Specify @BootstrapWith&apos;s &apos;value&apos; attribute or make the default bootstrapper class available." type="java.lang.IllegalStateException">java.lang.IllegalStateException: Could not load TestContextBootstrapper [null]. Specify @BootstrapWith&apos;s &apos;value&apos; attribute or make the default bootstrapper class available.
	at org.springframework.test.context.BootstrapUtils.resolveTestContextBootstrapper(BootstrapUtils.java:155)
	at org.springframework.test.context.TestContextManager.&lt;init&gt;(TestContextManager.java:122)
	at org.springframework.test.context.junit4.SpringJUnit4ClassRunner.createTestContextManager(SpringJUnit4ClassRunner.java:151)
	at org.springframework.test.context.junit4.SpringJUnit4ClassRunner.&lt;init&gt;(SpringJUnit4ClassRunner.java:142)
	at org.springframework.test.context.junit4.SpringRunner.&lt;init&gt;(SpringRunner.java:49)
	at java.base/jdk.internal.reflect.NativeConstructorAccessorImpl.newInstance0(Native Method)
	at java.base/jdk.internal.reflect.NativeConstructorAccessorImpl.newInstance(NativeConstructorAccessorImpl.java:77)
	at java.base/jdk.internal.reflect.DelegatingConstructorAccessorImpl.newInstance(DelegatingConstructorAccessorImpl.java:45)
	at java.base/java.lang.reflect.Constructor.newInstanceWithCaller(Constructor.java:499)
	at java.base/java.lang.reflect.Constructor.newInstance(Constructor.java:480)
	at org.junit.internal.builders.AnnotatedBuilder.buildRunner(AnnotatedBuilder.java:104)
	at org.junit.internal.builders.AnnotatedBuilder.runnerForClass(AnnotatedBuilder.java:86)
	at org.junit.runners.model.RunnerBuilder.safeRunnerForClass(RunnerBuilder.java:59)
	at org.junit.internal.builders.AllDefaultPossibilitiesBuilder.runnerForClass(AllDefaultPossibilitiesBuilder.java:26)
	at org.junit.runners.model.RunnerBuilder.safeRunnerForClass(RunnerBuilder.java:59)
	at org.junit.internal.requests.ClassRequest.getRunner(ClassRequest.java:33)
	at org.apache.maven.surefire.junit4.JUnit4Provider.execute(JUnit4Provider.java:250)
	at org.apache.maven.surefire.junit4.JUnit4Provider.executeTestSet(JUnit4Provider.java:141)
	at org.apache.maven.surefire.junit4.JUnit4Provider.invoke(JUnit4Provider.java:112)
	at java.base/jdk.internal.reflect.NativeMethodAccessorImpl.invoke0(Native Method)
	at java.base/jdk.internal.reflect.NativeMethodAccessorImpl.invoke(NativeMethodAccessorImpl.java:77)
	at java.base/jdk.internal.reflect.DelegatingMethodAccessorImpl.invoke(DelegatingMethodAccessorImpl.java:43)
	at java.base/java.lang.reflect.Method.invoke(Method.java:568)
	at org.apache.maven.surefire.util.ReflectionUtils.invokeMethodWithArray(ReflectionUtils.java:189)
	at org.apache.maven.surefire.booter.ProviderFactory$ProviderProxy.invoke(ProviderFactory.java:165)
	at org.apache.maven.surefire.booter.ProviderFactory.invokeProvider(ProviderFactory.java:85)
	at org.apache.maven.surefire.booter.ForkedBooter.runSuitesInProcess(ForkedBooter.java:115)
	at org.apache.maven.surefire.booter.ForkedBooter.main(ForkedBooter.java:75)
Caused by: java.lang.NoClassDefFoundError: org/springframework/util/ConcurrentLruCache
	at org.springframework.test.context.TestContextAnnotationUtils.&lt;clinit&gt;(TestContextAnnotationUtils.java:74)
	at org.springframework.test.context.BootstrapUtils.resolveExplicitTestContextBootstrapper(BootstrapUtils.java:165)
	at org.springframework.test.context.BootstrapUtils.resolveTestContextBootstrapper(BootstrapUtils.java:138)
	... 27 more
Caused by: java.lang.ClassNotFoundException: org.springframework.util.ConcurrentLruCache
	at java.base/jdk.internal.loader.BuiltinClassLoader.loadClass(BuiltinClassLoader.java:641)
	at java.base/jdk.internal.loader.ClassLoaders$AppClassLoader.loadClass(ClassLoaders.java:188)
	at java.base/java.lang.ClassLoader.loadClass(ClassLoader.java:520)
	... 30 more
</error>
  </testcase>
</testsuite>